This file contains any messages produced by compilers while
running configure, to aid debugging if configure makes a mistake.

It was created by GNU Autoconf configure 2.69, which was
generated by GNU Autoconf 2.69.  Invocation command line was

  $ ./configure --prefix=/Users/dengyouxu/Developer/Software/openjdk8u/jdk8u-xcode10/tools/local

## --------- ##
## Platform. ##
## --------- ##

hostname = dengyouxudeMacBook-Pro.local
uname -m = x86_64
uname -r = 20.5.0
uname -s = Darwin
uname -v = Darwin Kernel Version 20.5.0: Sat May  8 05:10:33 PDT 2021; root:xnu-7195.121.3~9/RELEASE_X86_64

/usr/bin/uname -p = i386
/bin/uname -X     = unknown

/bin/arch              = unknown
/usr/bin/arch -k       = unknown
/usr/convex/getsysinfo = unknown
/usr/bin/hostinfo      = Mach kernel version:
	 Darwin Kernel Version 20.5.0: Sat May  8 05:10:33 PDT 2021; root:xnu-7195.121.3~9/RELEASE_X86_64
Kernel configured for up to 8 processors.
4 processors are physically available.
8 processors are logically available.
Processor type: x86_64h (Intel x86-64h Haswell)
Processors active: 0 1 2 3 4 5 6 7
Primary memory available: 16.00 gigabytes
Default processor set: 549 tasks, 3126 threads, 8 processors
Load average: 2.93, Mach factor: 5.06
/bin/machine           = unknown
/usr/bin/oslevel       = unknown
/bin/universe          = unknown

PATH: /usr/bin
PATH: /Applications/Xcode.app/Contents/Developer/Toolchains/XcodeDefault.xctoolchain/usr/bin
PATH: /Users/dengyouxu/Developer/Software/kafka-eagle-web-1.4.8/bin
PATH: /Users/dengyouxu/Developer/Software/apache-ant-1.9.14/bin
PATH: /Users/dengyouxu/Developer/Software/kotlin-1.3.60/bin
PATH: /Users/dengyouxu/Developer/Software/gradle-5.6.2/bin
PATH: /Users/dengyouxu/Developer/Software/apache-maven-3.6.3/bin
PATH: /Library/Java/JavaVirtualMachines/jdk1.8.0_291.jdk/Contents/Home/bin
PATH: /usr/local/bin
PATH: /usr/bin
PATH: /bin
PATH: /usr/sbin
PATH: /sbin
PATH: /usr/local/go/bin
PATH: /usr/local/share/dotnet
PATH: ~/.dotnet/tools
PATH: /Library/Apple/usr/bin
PATH: /Library/Frameworks/Mono.framework/Versions/Current/Commands
PATH: .
PATH: /Users/dengyouxu/Developer/Software/groovy-3.0.5/bin
PATH: /usr/local/mysql/bin
PATH: /usr/local/go/bin
PATH: /Users/dengyouxu/Developer/Software/scala-2.13.3/bin
PATH: /usr/local/Cellar/rabbitmq/3.8.9_1/sbin
PATH: /Users/dengyouxu/Developer/Software/sbt/bin


## ----------- ##
## Core tests. ##
## ----------- ##

configure:1796: checking for a BSD-compatible install
configure:1864: result: /usr/bin/install -c
configure:1875: checking whether build environment is sane
configure:1925: result: yes
configure:2066: checking for a thread-safe mkdir -p
configure:2105: result: build-aux/install-sh -c -d
configure:2118: checking for gawk
configure:2148: result: no
configure:2118: checking for mawk
configure:2148: result: no
configure:2118: checking for nawk
configure:2148: result: no
configure:2118: checking for awk
configure:2134: found /usr/bin/awk
configure:2145: result: awk
configure:2156: checking whether make sets $(MAKE)
configure:2178: result: yes
configure:2263: checking build system type
configure:2277: result: x86_64-apple-darwin20.5.0
configure:2297: checking host system type
configure:2310: result: x86_64-apple-darwin20.5.0
configure:2337: autobuild project... GNU Autoconf
configure:2343: autobuild revision... 2.69
configure:2348: autobuild hostname... dengyouxudeMacBook-Pro.local
configure:2359: autobuild timestamp... 20210715T135131Z
configure:2387: checking whether /bin/sh -n is known to work
configure:2406: result: yes
configure:2410: checking for characters that cannot appear in file names
configure:2430: result: none
configure:2436: checking whether directories can have trailing spaces
configure:2450: result: yes
configure:2461: checking for expr
configure:2479: found /bin/expr
configure:2491: result: /bin/expr
configure:2510: checking for GNU M4 that supports accurate traces
configure:2559: result: /usr/bin/m4
configure:2562: checking whether /usr/bin/m4 accepts --gnu
configure:2572: result: no
configure:2583: WARNING: the version of M4 that was found does not support -g
configure:2585: WARNING: using it with POSIXLY_CORRECT set may cause problems
configure:2589: checking how m4 supports trace files
configure:2599: result: --error-output
configure:2623: checking for perl
configure:2641: found /usr/bin/perl
configure:2654: result: /usr/bin/perl
configure:2673: checking whether /usr/bin/perl Fcntl::flock is implemented
configure:2687: result: yes
configure:2705: checking for emacs
configure:2735: result: no
configure:2705: checking for xemacs
configure:2735: result: no
configure:2788: checking for emacs
configure:2815: result: no
configure:2839: checking where .elc files should go
configure:2868: result: ${datadir}/emacs/site-lisp
configure:2881: checking for grep that handles long lines and -e
configure:2939: result: /usr/bin/grep
configure:2944: checking for egrep
configure:3006: result: /usr/bin/grep -E
configure:3011: checking for a sed that does not truncate output
configure:3075: result: /usr/local/bin/gsed
configure:3085: checking whether make is case sensitive
configure:3100: result: yes
configure:3279: creating ./config.status

## ---------------------- ##
## Running config.status. ##
## ---------------------- ##

This file was extended by GNU Autoconf config.status 2.69, which was
generated by GNU Autoconf 2.69.  Invocation command line was

  CONFIG_FILES    = 
  CONFIG_HEADERS  = 
  CONFIG_LINKS    = 
  CONFIG_COMMANDS = 
  $ ./config.status 

on dengyouxudeMacBook-Pro.local

config.status:797: creating tests/Makefile
config.status:797: creating tests/atlocal
config.status:797: creating man/Makefile
config.status:797: creating lib/emacs/Makefile
config.status:797: creating Makefile
config.status:797: creating doc/Makefile
config.status:797: creating lib/Makefile
config.status:797: creating lib/Autom4te/Makefile
config.status:797: creating lib/autoscan/Makefile
config.status:797: creating lib/m4sugar/Makefile
config.status:797: creating lib/autoconf/Makefile
config.status:797: creating lib/autotest/Makefile
config.status:797: creating bin/Makefile
config.status:1000: executing tests/atconfig commands

## ---------------- ##
## Cache variables. ##
## ---------------- ##

ac_cv_build=x86_64-apple-darwin20.5.0
ac_cv_dir_trailing_space=yes
ac_cv_env_EMACSLOADPATH_set=
ac_cv_env_EMACSLOADPATH_value=
ac_cv_env_EMACS_set=
ac_cv_env_EMACS_value=
ac_cv_env_M4_set=
ac_cv_env_M4_value=
ac_cv_env_build_alias_set=
ac_cv_env_build_alias_value=
ac_cv_env_host_alias_set=
ac_cv_env_host_alias_value=
ac_cv_env_target_alias_set=
ac_cv_env_target_alias_value=
ac_cv_host=x86_64-apple-darwin20.5.0
ac_cv_path_EGREP='/usr/bin/grep -E'
ac_cv_path_EXPR=/bin/expr
ac_cv_path_GREP=/usr/bin/grep
ac_cv_path_M4=/usr/bin/m4
ac_cv_path_PERL=/usr/bin/perl
ac_cv_path_SED=/usr/local/bin/gsed
ac_cv_path_install='/usr/bin/install -c'
ac_cv_perl_flock_implemented=yes
ac_cv_prog_AWK=awk
ac_cv_prog_EMACS=no
ac_cv_prog_gnu_m4_debugfile=--error-output
ac_cv_prog_gnu_m4_gnu=no
ac_cv_prog_make_make_case=yes
ac_cv_prog_make_make_set=yes
ac_cv_sh_n_works=yes
ac_cv_unsupported_fs_chars=
am_cv_lispdir='${datadir}/emacs/site-lisp'

## ----------------- ##
## Output variables. ##
## ----------------- ##

ACLOCAL='${SHELL} /Users/dengyouxu/Developer/Software/openjdk8u/jdk8u-xcode10/tools/autoconf/build-aux/missing --run aclocal-1.11'
AMTAR='${SHELL} /Users/dengyouxu/Developer/Software/openjdk8u/jdk8u-xcode10/tools/autoconf/build-aux/missing --run tar'
AUTOCONF='${SHELL} /Users/dengyouxu/Developer/Software/openjdk8u/jdk8u-xcode10/tools/autoconf/build-aux/missing --run autoconf'
AUTOHEADER='${SHELL} /Users/dengyouxu/Developer/Software/openjdk8u/jdk8u-xcode10/tools/autoconf/build-aux/missing --run autoheader'
AUTOMAKE='${SHELL} /Users/dengyouxu/Developer/Software/openjdk8u/jdk8u-xcode10/tools/autoconf/build-aux/missing --run automake-1.11'
AWK='awk'
CYGPATH_W='echo'
DEFS='-DPACKAGE_NAME=\"GNU\ Autoconf\" -DPACKAGE_TARNAME=\"autoconf\" -DPACKAGE_VERSION=\"2.69\" -DPACKAGE_STRING=\"GNU\ Autoconf\ 2.69\" -DPACKAGE_BUGREPORT=\"bug-autoconf@gnu.org\" -DPACKAGE_URL=\"http://www.gnu.org/software/autoconf/\" -DPACKAGE=\"autoconf\" -DVERSION=\"2.69\"'
ECHO_C='\c'
ECHO_N=''
ECHO_T=''
EGREP='/usr/bin/grep -E'
EMACS='no'
EMACSLOADPATH=''
EXPR='/bin/expr'
GREP='/usr/bin/grep'
HELP2MAN='${SHELL} /Users/dengyouxu/Developer/Software/openjdk8u/jdk8u-xcode10/tools/autoconf/build-aux/missing --run help2man'
INSTALL_DATA='${INSTALL} -m 644'
INSTALL_PROGRAM='${INSTALL}'
INSTALL_SCRIPT='${INSTALL}'
INSTALL_STRIP_PROGRAM='$(install_sh) -c -s'
LIBOBJS=''
LIBS=''
LTLIBOBJS=''
M4='/usr/bin/m4'
M4_DEBUGFILE='--error-output'
M4_GNU=''
MAKEINFO='${SHELL} /Users/dengyouxu/Developer/Software/openjdk8u/jdk8u-xcode10/tools/autoconf/build-aux/missing --run makeinfo'
MAKE_CASE_SENSITIVE_FALSE='#'
MAKE_CASE_SENSITIVE_TRUE=''
MKDIR_P='build-aux/install-sh -c -d'
PACKAGE='autoconf'
PACKAGE_BUGREPORT='bug-autoconf@gnu.org'
PACKAGE_NAME='GNU Autoconf'
PACKAGE_STRING='GNU Autoconf 2.69'
PACKAGE_TARNAME='autoconf'
PACKAGE_URL='http://www.gnu.org/software/autoconf/'
PACKAGE_VERSION='2.69'
PATH_SEPARATOR=':'
PERL='/usr/bin/perl'
PERL_FLOCK='yes'
SED='/usr/local/bin/gsed'
SET_MAKE=''
SHELL='/bin/sh'
STRIP=''
TEST_EMACS='no'
VERSION='2.69'
ac_cv_dir_trailing_space='yes'
ac_cv_sh_n_works='yes'
ac_cv_unsupported_fs_chars=''
am__isrc=''
am__leading_dot='.'
am__tar='${AMTAR} chof - "$$tardir"'
am__untar='${AMTAR} xf -'
bindir='${exec_prefix}/bin'
build='x86_64-apple-darwin20.5.0'
build_alias=''
build_cpu='x86_64'
build_os='darwin20.5.0'
build_vendor='apple'
datadir='${datarootdir}'
datarootdir='${prefix}/share'
docdir='${datarootdir}/doc/${PACKAGE_TARNAME}'
dvidir='${docdir}'
exec_prefix='${prefix}'
host='x86_64-apple-darwin20.5.0'
host_alias=''
host_cpu='x86_64'
host_os='darwin20.5.0'
host_vendor='apple'
htmldir='${docdir}'
includedir='${prefix}/include'
infodir='${datarootdir}/info'
install_sh='${SHELL} /Users/dengyouxu/Developer/Software/openjdk8u/jdk8u-xcode10/tools/autoconf/build-aux/install-sh'
libdir='${exec_prefix}/lib'
libexecdir='${exec_prefix}/libexec'
lispdir='${datadir}/emacs/site-lisp'
localedir='${datarootdir}/locale'
localstatedir='${prefix}/var'
mandir='${datarootdir}/man'
mkdir_p='$(top_builddir)/build-aux/install-sh -c -d'
oldincludedir='/usr/include'
pdfdir='${docdir}'
prefix='/Users/dengyouxu/Developer/Software/openjdk8u/jdk8u-xcode10/tools/local'
program_transform_name='s,x,x,'
psdir='${docdir}'
sbindir='${exec_prefix}/sbin'
sharedstatedir='${prefix}/com'
sysconfdir='${prefix}/etc'
target_alias=''

## ----------- ##
## confdefs.h. ##
## ----------- ##

/* confdefs.h */
#define PACKAGE_NAME "GNU Autoconf"
#define PACKAGE_TARNAME "autoconf"
#define PACKAGE_VERSION "2.69"
#define PACKAGE_STRING "GNU Autoconf 2.69"
#define PACKAGE_BUGREPORT "bug-autoconf@gnu.org"
#define PACKAGE_URL "http://www.gnu.org/software/autoconf/"
#define PACKAGE "autoconf"
#define VERSION "2.69"

configure: exit 0
